#
# There is insufficient memory for the Java Runtime Environment to continue.
# Native memory allocation (mmap) failed to map 67108864 bytes for Failed to commit area from 0x00000000c1800000 to 0x00000000c5800000 of length 67108864.
# Possible reasons:
#   The system is out of physical RAM or swap space
#   The process is running with CompressedOops enabled, and the Java Heap may be blocking the growth of the native heap
# Possible solutions:
#   Reduce memory load on the system
#   Increase physical memory or swap space
#   Check if swap backing store is full
#   Decrease Java heap size (-Xmx/-Xms)
#   Decrease number of Java threads
#   Decrease Java thread stack sizes (-Xss)
#   Set larger code cache with -XX:ReservedCodeCacheSize=
# This output file may be truncated or incomplete.
#
#  Out of Memory Error (t:/workspace/open/src/hotspot/os/windows/os_windows.cpp:3264), pid=8892, tid=9512
#
# JRE version:  (12.0.2+10) (build )
# Java VM: Java HotSpot(TM) 64-Bit Server VM (12.0.2+10, mixed mode, aot, sharing, tiered, compressed oops, g1 gc, windows-amd64)
# No core dump will be written. Minidumps are not enabled by default on client versions of Windows
#

---------------  S U M M A R Y ------------

Command Line: -Dfile.encoding=Cp1252 OpenGL

Host: Intel(R) Core(TM)2 Duo CPU     L9600  @ 2.13GHz, 2 cores, 3G,  Windows 10 , 64 bit Build 18362 (10.0.18362.329)
Time: Sun Oct  6 00:18:56 2019 Bangladesh Standard Time elapsed time: 0 seconds (0d 0h 0m 0s)

---------------  T H R E A D  ---------------

Current thread (0x00000229db6a5800):  JavaThread "Unknown thread" [_thread_in_vm, id=9512, stack(0x000000ddc8a00000,0x000000ddc8b00000)]

Stack: [0x000000ddc8a00000,0x000000ddc8b00000]
Native frames: (J=compiled Java code, j=interpreted, Vv=VM code, C=native code)
V  [jvm.dll+0x63aa2a]
V  [jvm.dll+0x78ce1e]
V  [jvm.dll+0x78e4c1]
V  [jvm.dll+0x78eb13]
V  [jvm.dll+0x2627e8]
V  [jvm.dll+0x637f5a]
V  [jvm.dll+0x62c845]
V  [jvm.dll+0x31e49c]
V  [jvm.dll+0x31e2cf]
V  [jvm.dll+0x324006]
V  [jvm.dll+0x371f56]
V  [jvm.dll+0x371720]
V  [jvm.dll+0x2f845a]
V  [jvm.dll+0x2f96d2]
V  [jvm.dll+0x767267]
V  [jvm.dll+0x7689f5]
V  [jvm.dll+0x380059]
V  [jvm.dll+0x74b794]
V  [jvm.dll+0x3ef5cd]
V  [jvm.dll+0x3f1471]
C  [jli.dll+0x51cf]
C  [ucrtbase.dll+0x1d9f2]
C  [KERNEL32.DLL+0x17bd4]
C  [ntdll.dll+0x6cee1]


---------------  P R O C E S S  ---------------

Threads class SMR info:
_java_thread_list=0x00007ffded917928, length=0, elements={
}

Java Threads: ( => current thread )

Other Threads:
  0x00000229db6d1000 GCTaskThread "GC Thread#0" [stack: 0x000000ddc8b00000,0x000000ddc8c00000] [id=3836]
  0x00000229db6d8800 ConcurrentGCThread "G1 Main Marker" [stack: 0x000000ddc8c00000,0x000000ddc8d00000] [id=13288]
  0x00000229db6da000 ConcurrentGCThread "G1 Conc#0" [stack: 0x000000ddc8d00000,0x000000ddc8e00000] [id=8172]

[error occurred during error reporting (printing all threads), id 0xc0000005, EXCEPTION_ACCESS_VIOLATION (0xc0000005) at pc=0x00007ffded1485e7]

VM state:not at safepoint (not fully initialized)

VM Mutex/Monitor currently owned by a thread:  ([mutex/lock_event])
[0x00000229db6a0700] Heap_lock - owner thread: 0x00000229db6a5800

Heap address: 0x00000000c1800000, size: 1000 MB, Compressed Oops mode: Non-zero based: 0x00000000c1800000
Narrow klass base: 0x0000000000000000, Narrow klass shift: 0

GC Heap History (0 events):
No events

Deoptimization events (0 events):
No events

Classes redefined (0 events):
No events

Internal exceptions (0 events):
No events

Events (0 events):
No events


Dynamic libraries:
0x00007ff608aa0000 - 0x00007ff608aaf000 	C:\Program Files\Java\jdk-12.0.2\bin\javaw.exe
0x00007ffe35c40000 - 0x00007ffe35e30000 	C:\WINDOWS\SYSTEM32\ntdll.dll
0x00007ffe341d0000 - 0x00007ffe34282000 	C:\WINDOWS\System32\KERNEL32.DLL
0x00007ffe32dc0000 - 0x00007ffe33063000 	C:\WINDOWS\System32\KERNELBASE.dll
0x00007ffe33150000 - 0x00007ffe3324a000 	C:\WINDOWS\System32\ucrtbase.dll
0x00007ffe23aa0000 - 0x00007ffe23ab8000 	C:\Program Files\Java\jdk-12.0.2\bin\jli.dll
0x00007ffe359b0000 - 0x00007ffe35a53000 	C:\WINDOWS\System32\ADVAPI32.dll
0x00007ffe34130000 - 0x00007ffe341ce000 	C:\WINDOWS\System32\msvcrt.dll
0x00007ffe342b0000 - 0x00007ffe34347000 	C:\WINDOWS\System32\sechost.dll
0x00007ffe34f70000 - 0x00007ffe35090000 	C:\WINDOWS\System32\RPCRT4.dll
0x00007ffe33d50000 - 0x00007ffe33ee3000 	C:\WINDOWS\System32\USER32.dll
0x00007ffe33120000 - 0x00007ffe33141000 	C:\WINDOWS\System32\win32u.dll
0x00007ffe34f40000 - 0x00007ffe34f66000 	C:\WINDOWS\System32\GDI32.dll
0x00007ffe33a50000 - 0x00007ffe33be4000 	C:\WINDOWS\System32\gdi32full.dll
0x00007ffe33c50000 - 0x00007ffe33cee000 	C:\WINDOWS\System32\msvcp_win.dll
0x00007ffe26410000 - 0x00007ffe26426000 	C:\Program Files\Java\jdk-12.0.2\bin\VCRUNTIME140.dll
0x00007ffe27450000 - 0x00007ffe276d5000 	C:\WINDOWS\WinSxS\amd64_microsoft.windows.common-controls_6595b64144ccf1df_6.0.18362.356_none_e6c4af7d130f27cc\COMCTL32.dll
0x00007ffe35670000 - 0x00007ffe359a6000 	C:\WINDOWS\System32\combase.dll
0x00007ffe32bd0000 - 0x00007ffe32c50000 	C:\WINDOWS\System32\bcryptPrimitives.dll
0x00007ffe290e0000 - 0x00007ffe290ea000 	C:\WINDOWS\SYSTEM32\VERSION.dll
0x00007ffe35090000 - 0x00007ffe350be000 	C:\WINDOWS\System32\IMM32.DLL
0x00007ffe18120000 - 0x00007ffe181ca000 	C:\Program Files\Java\jdk-12.0.2\bin\msvcp140.dll
0x00007ffdece40000 - 0x00007ffded9b7000 	C:\Program Files\Java\jdk-12.0.2\bin\server\jvm.dll
0x00007ffe35140000 - 0x00007ffe35148000 	C:\WINDOWS\System32\PSAPI.DLL
0x00007ffe2bfa0000 - 0x00007ffe2bfa9000 	C:\WINDOWS\SYSTEM32\WSOCK32.dll
0x00007ffe34350000 - 0x00007ffe343bf000 	C:\WINDOWS\System32\WS2_32.dll
0x00007ffe292d0000 - 0x00007ffe292f4000 	C:\WINDOWS\SYSTEM32\WINMM.dll
0x00007ffe292a0000 - 0x00007ffe292cd000 	C:\WINDOWS\SYSTEM32\WINMMBASE.dll
0x00007ffe33a00000 - 0x00007ffe33a4a000 	C:\WINDOWS\System32\cfgmgr32.dll
0x00007ffe32b20000 - 0x00007ffe32b31000 	C:\WINDOWS\System32\kernel.appcore.dll
0x00007ffe22ac0000 - 0x00007ffe22ad1000 	C:\Program Files\Java\jdk-12.0.2\bin\verify.dll
0x00007ffe2ce70000 - 0x00007ffe2d064000 	C:\WINDOWS\SYSTEM32\DBGHELP.DLL
0x00007ffe2d280000 - 0x00007ffe2d2aa000 	C:\WINDOWS\SYSTEM32\dbgcore.DLL
0x00007ffe21760000 - 0x00007ffe21786000 	C:\Program Files\Java\jdk-12.0.2\bin\java.dll
0x00007ffe1eff0000 - 0x00007ffe1f007000 	C:\Program Files\Java\jdk-12.0.2\bin\zip.dll
0x00007ffe2b670000 - 0x00007ffe2b67a000 	C:\Program Files\Java\jdk-12.0.2\bin\jimage.dll

dbghelp: loaded successfully - version: 4.0.5 - missing functions: none
symbol engine: initialized successfully - sym options: 0x614 - pdb path: .;C:\Program Files\Java\jdk-12.0.2\bin;C:\WINDOWS\SYSTEM32;C:\WINDOWS\WinSxS\amd64_microsoft.windows.common-controls_6595b64144ccf1df_6.0.18362.356_none_e6c4af7d130f27cc;C:\Program Files\Java\jdk-12.0.2\bin\server

VM Arguments:
jvm_args: -Dfile.encoding=Cp1252 
java_command: OpenGL
java_class_path (initial): C:\Users\evea_\Desktop\Eclipse Codings\CSE423Lab\bin;C:\Users\evea_\Desktop\jogamp-all-platforms\jar\gluegen-rt.jar;C:\Users\evea_\Desktop\jogamp-all-platforms\jar\gluegen-rt-natives-windows-amd64.jar;C:\Users\evea_\Desktop\jogamp-all-platforms\jar\jogl-all.jar;C:\Users\evea_\Desktop\jogamp-all-platforms\jar\jogl-all-natives-windows-amd64.jar
Launcher Type: SUN_STANDARD

[Global flags]
     intx CICompilerCount                          = 2                                         {product} {ergonomic}
     uint ConcGCThreads                            = 1                                         {product} {ergonomic}
     uint G1ConcRefinementThreads                  = 2                                         {product} {ergonomic}
   size_t G1HeapRegionSize                         = 1048576                                   {product} {ergonomic}
    uintx GCDrainStackTargetSize                   = 64                                        {product} {ergonomic}
   size_t InitialHeapSize                          = 67108864                                  {product} {ergonomic}
   size_t MarkStackSize                            = 4194304                                   {product} {ergonomic}
   size_t MaxHeapSize                              = 1048576000                                {product} {ergonomic}
   size_t MinHeapDeltaBytes                        = 1048576                                   {product} {ergonomic}
    uintx NonNMethodCodeHeapSize                   = 5825164                                {pd product} {ergonomic}
    uintx NonProfiledCodeHeapSize                  = 122916538                              {pd product} {ergonomic}
    uintx ProfiledCodeHeapSize                     = 122916538                              {pd product} {ergonomic}
    uintx ReservedCodeCacheSize                    = 251658240                              {pd product} {ergonomic}
     bool SegmentedCodeCache                       = true                                      {product} {ergonomic}
     bool UseCompressedClassPointers               = true                                 {lp64_product} {ergonomic}
     bool UseCompressedOops                        = true                                 {lp64_product} {ergonomic}
     bool UseG1GC                                  = true                                      {product} {ergonomic}
     bool UseLargePagesIndividualAllocation        = false                                  {pd product} {ergonomic}

Logging:
Log output configuration:
 #0: stdout all=warning uptime,level,tags
 #1: stderr all=off uptime,level,tags

Environment Variables:
PATH=C:/Program Files/Java/jdk-12.0.2/bin/server;C:/Program Files/Java/jdk-12.0.2/bin;C:\Program Files (x86)\Common Files\Oracle\Java\javapath;C:\WINDOWS\system32;C:\WINDOWS;C:\WINDOWS\System32\Wbem;C:\WINDOWS\System32\WindowsPowerShell\v1.0\;C:\WINDOWS\System32\OpenSSH\;C:\Program Files\Java\jdk-12.0.2\bin;C:\Program Files\Git\cmd;C:\Program Files\Git\mingw64\bin;C:\Program Files\Git\usr\bin;C:\Users\evea_\AppData\Local\Programs\Python\Python37-32\Scripts\;C:\Users\evea_\AppData\Local\Programs\Python\Python37-32\;C:\Users\evea_\AppData\Local\Microsoft\WindowsApps;C:\Users\evea_\Desktop;
USERNAME=evea_
OS=Windows_NT
PROCESSOR_IDENTIFIER=Intel64 Family 6 Model 23 Stepping 10, GenuineIntel



---------------  S Y S T E M  ---------------

OS: Windows 10 , 64 bit Build 18362 (10.0.18362.329)

CPU:total 2 (initial active 2) (2 cores per cpu, 1 threads per core) family 6 model 23 stepping 10, cmov, cx8, fxsr, mmx, sse, sse2, sse3, ssse3, sse4.1, tsc

Memory: 4k page, system-wide physical 3992M (441M free)
TotalPageFile size 8977M (AvailPageFile size 30M)
current process WorkingSet (physical memory assigned to process): 9M, peak: 9M
current process commit charge ("private bytes"): 47M, peak: 111M

vm_info: Java HotSpot(TM) 64-Bit Server VM (12.0.2+10) for windows-amd64 JRE (12.0.2+10), built on Jul 16 2019 01:56:17 by "mach5one" with MS VC++ 15.5 (VS2017)

END.
